app/build/intermediates/manifest_merge_blame_file/debug/manifest-merger-blame-debug-report.txt
1<?xml version="1.0" encoding="utf-8"?>
2<manifest xmlns:android="http://schemas.android.com/apk/res/android"
3    package="com.arti.games.littlebox"
4    android:versionCode="102"
5    android:versionName="1.02" >
6
7    <uses-sdk
7-->src\main\AndroidManifest.xml:7:5-47
8        android:minSdkVersion="14"
8-->src\main\AndroidManifest.xml:7:5-47
9        android:targetSdkVersion="29" />
9-->src\main\AndroidManifest.xml:7:15-44
10
11    <application
11-->src\main\AndroidManifest.xml:9:5-25:20
12        android:allowBackup="true"
12-->src\main\AndroidManifest.xml:10:9-35
13        android:appComponentFactory="androidx.core.app.CoreComponentFactory"
13-->[androidx.core:core:1.0.0] AndroidManifest.xml:22:18-86
14        android:debuggable="true"
15        android:icon="@drawable/bad01"
15-->src\main\AndroidManifest.xml:11:9-39
16        android:label="@string/app_name"
16-->src\main\AndroidManifest.xml:12:9-41
17        android:testOnly="true"
18        android:theme="@style/AppTheme" >
18-->src\main\AndroidManifest.xml:13:9-40
19        <activity
19-->src\main\AndroidManifest.xml:14:9-24:20
20            android:name="com.arti.games.littlebox.LittleBox"
20-->src\main\AndroidManifest.xml:15:13-62
21            android:label="@string/app_name"
21-->src\main\AndroidManifest.xml:16:13-45
22            android:screenOrientation="portrait"
22-->src\main\AndroidManifest.xml:17:13-49
23            android:theme="@android:style/Theme.NoTitleBar.Fullscreen" >
23-->src\main\AndroidManifest.xml:18:13-71
24            <intent-filter>
24-->src\main\AndroidManifest.xml:19:13-23:29
25                <action android:name="android.intent.action.MAIN" />
25-->src\main\AndroidManifest.xml:20:17-69
25-->src\main\AndroidManifest.xml:20:25-66
26
27                <category android:name="android.intent.category.LAUNCHER" />
27-->src\main\AndroidManifest.xml:22:17-77
27-->src\main\AndroidManifest.xml:22:27-74
28            </intent-filter>
29        </activity>
30    </application>
31
32</manifest>